INFO:root:

Iteration 1
INFO:root:d = 100
D0 = 8
L = 15
h_pert = 0.1
V_LRP = 1.0
H_LRP = 1.0
\M_LRP = 1.0
t = 0.04
V_ILRP = 1.0
Huls = 4000000.0
Vuls = 0
db = 0.05

INFO:root:

***Precalculations***
INFO:root:h = [14.9]
Di = 7.92
D = 7.96
Ac = 50.26548245743669
mass_skirt = [120784.18443404]
mass_top_plates = 32048.070269830903
Mc = [152832.25470387]
MCE = [133372.24711735]
Wc = [1308381.7442212]
V_comma = [1308382.7442212]
V_comma_installation = [1308382.7442212]
Ph = 1004519.4750000001
SL = 500000.0
INFO:root:

***Precalculation for anchor based***
INFO:root:
Subiteration 0
INFO:root:
mu = 0.4
Nq = 18.401122218708668
theta_m = 0.0
theta_a = 0.0\Tm = 4000000.0
Ta = 4000000.0
INFO:root:
Subiteration 1
INFO:root:
Q = 206125.57586251688
INFO:root:
Q = 206125.57586251688 
Ta = 4000000.0
theta_a = 1.0402688466344714
INFO:root:
Subiteration 2
INFO:root:
Q = 206125.57586251688
INFO:root:
Q = 206125.57586251688 
Ta = 2638437.332681961
theta_a = 1.2808615730608588
INFO:root:
Subiteration 3
INFO:root:
Q = 206125.57586251688
INFO:root:
Q = 206125.57586251688 
Ta = 2396357.1543516167
theta_a = 1.344001691608894
INFO:root:
Subiteration 4
INFO:root:
Q = 206125.57586251688
INFO:root:
Q = 206125.57586251688 
Ta = 2336592.530311631
theta_a = 1.3610813912924837
INFO:root:
Subiteration 5
INFO:root:
Q = 206125.57586251688
INFO:root:
After final subiteration:
Q = 206125.57586251688
Ta = 2320683.6166035035
theta_a = 1.3657387136120587
INFO:root:

***Sand Capacity Conversion***
INFO:root:Vside = [5523778.98993589]
Kp = 3.0
Ka = 0.3333333333333333
Hside = [20110024.56816]
hside = [9.93333333]
Vbase = [-4215396.24571469]
Hbase = [-2433760.15720431]
Mbase = [1.63496552e+08]
H1 = [-20110023.56816]
V1 = [-4215396.24571469]
INFO:root:K = 0.5
delta = 0.2617993877991494
Vu_dtop = [7742013.14365057]
Hu_dto = [20110024.56816]
INFO:root:
Soil Type: sand
Soil Properties: {'gamma': 8534.7, 'phi': 0.5235987755982988, 'rel_density_index': 0.25, 'delta': 0.43633231299858233, 'Nc': 5.141592653589793, 's_u': 30000.0}
INFO:root:****


Sand Self Installation Check****
INFO:root:
m = 1.5
Zi = 8.492247405217853
Z0 = 10.722534602547794
c0 = 0.45
c1 = 0.36
c2 = 0.48
Nq = 18.401122218708668
Ngamma = 15.069813895759541
INFO:root:
****Solve for embedment under self weight****
INFO:root:
h_sw = [3.39323293]
INFO:root:h_sw > h_sw_min = [ True]
INFO:root:***
Solve for embeddment under suction force***
INFO:root:
a = [0.09728922]
INFO:root:
Subiteration : 0
INFO:root:
s = [219581.22540013]
INFO:root:s < SL = [ True]
INFO:root:
Anchor based foundation
INFO:root:*******************************************************


